\BOOKMARK [1][]{section.1}{\376\377\0001\000\040\173\200\116\313}{}% 1
\BOOKMARK [2][-]{subsubsection.1.0.1}{\376\377\0001\000.\0000\000.\0001\000\040\000F\000a\000c\000t\000s}{section.1}% 2
\BOOKMARK [3][-]{subsubsection.1.0.2}{\376\377\0001\000.\0000\000.\0002\000\040\000W\000h\000a\000t\000\040\000i\000s\000\040\000m\000a\000t\000p\000l\000o\000t\000l\000i\000b\000?}{subsubsection.1.0.1}% 3
\BOOKMARK [3][-]{subsubsection.1.0.3}{\376\377\0001\000.\0000\000.\0003\000\040\000t\000h\000r\000e\000e\000\040\000p\000a\000r\000t\000s}{subsubsection.1.0.1}% 4
\BOOKMARK [1][]{section.2}{\376\377\0002\000\040\127\372\147\054\151\202\137\365}{}% 5
\BOOKMARK [2][-]{subsubsection.2.0.1}{\376\377\0002\000.\0000\000.\0001\000\040\000T\000w\000o\000\040\000i\000n\000t\000e\000r\000f\000a\000c\000e\000s}{section.2}% 6
\BOOKMARK [2][-]{subsection.2.1}{\376\377\0002\000.\0001\000\040\126\376\137\142\176\304\142\020\220\350\122\006}{section.2}% 7
\BOOKMARK [3][-]{subsubsection.2.1.1}{\376\377\0002\000.\0001\000.\0001\000\040\000F\000i\000g\000u\000r\000e}{subsection.2.1}% 8
\BOOKMARK [3][-]{subsubsection.2.1.2}{\376\377\0002\000.\0001\000.\0002\000\040\000A\000x\000e\000s}{subsection.2.1}% 9
\BOOKMARK [3][-]{subsubsection.2.1.3}{\376\377\0002\000.\0001\000.\0003\000\040\000A\000x\000i\000s}{subsection.2.1}% 10
\BOOKMARK [3][-]{subsubsection.2.1.4}{\376\377\0002\000.\0001\000.\0004\000\040\000A\000r\000t\000i\000s\000t}{subsection.2.1}% 11
\BOOKMARK [3][-]{subsubsection.2.1.5}{\376\377\0002\000.\0001\000.\0005\000\040\121\166\116\326\176\304\142\020\220\350\122\006}{subsection.2.1}% 12
\BOOKMARK [3][-]{subsubsection.2.1.6}{\376\377\0002\000.\0001\000.\0006\000\040\000T\000y\000p\000e\000s\000\040\000o\000f\000\040\000i\000n\000p\000u\000t\000s\000\040\000t\000o\000\040\000p\000l\000o\000t\000t\000i\000n\000g\000\040\000f\000u\000n\000c\000t\000i\000o\000n\000s}{subsection.2.1}% 13
\BOOKMARK [3][-]{subsubsection.2.1.7}{\376\377\0002\000.\0001\000.\0007\000\040\000M\000a\000t\000p\000l\000o\000t\000l\000i\000b\000,\000\040\000p\000y\000p\000l\000o\000t\000\040\000a\000n\000d\000\040\000p\000y\000l\000a\000b\000:\000\040\000h\000o\000w\000\040\000a\000r\000e\000\040\000t\000h\000e\000y\000\040\000r\000e\000l\000a\000t\000e\000d\000?}{subsection.2.1}% 14
\BOOKMARK [3][-]{subsubsection.2.1.8}{\376\377\0002\000.\0001\000.\0008\000\040\000p\000y\000p\000l\000o\000t}{subsection.2.1}% 15
\BOOKMARK [2][-]{subsection.2.2}{\376\377\0002\000.\0002\000\040\124\016\172\357}{section.2}% 16
\BOOKMARK [3][-]{subsubsection.2.2.1}{\376\377\0002\000.\0002\000.\0001\000\040\000W\000h\000a\000t\000\040\000i\000s\000\040\000a\000\040\000b\000a\000c\000k\000e\000n\000d\000?}{subsection.2.2}% 17
\BOOKMARK [3][-]{subsubsection.2.2.2}{\376\377\0002\000.\0002\000.\0002\000\040\000C\000o\000n\000f\000i\000g\000u\000r\000e\000\040\000y\000o\000u\000r\000\040\000b\000a\000c\000k\000e\000n\000d}{subsection.2.2}% 18
\BOOKMARK [3][-]{subsubsection.2.2.3}{\376\377\0002\000.\0002\000.\0003\000\040\000W\000h\000a\000t\000\040\000i\000s\000\040\000i\000n\000t\000e\000r\000a\000c\000t\000i\000v\000e\000\040\000m\000o\000d\000e\000?}{subsection.2.2}% 19
\BOOKMARK [2][-]{subsection.2.3}{\376\377\0002\000.\0003\000\040\000P\000y\000p\000l\000o\000t\000\040\173\200\116\313}{section.2}% 20
\BOOKMARK [3][-]{subsubsection.2.3.1}{\376\377\0002\000.\0003\000.\0001\000\040\000I\000n\000t\000r\000o\000\040\000t\000o\000\040\000p\000y\000p\000l\000o\000t}{subsection.2.3}% 21
\BOOKMARK [3][-]{subsubsection.2.3.2}{\376\377\0002\000.\0003\000.\0002\000\040\000F\000o\000r\000m\000a\000t\000t\000i\000n\000g\000\040\000t\000h\000e\000\040\000s\000t\000y\000l\000e\000\040\000o\000f\000\040\000y\000o\000u\000r\000\040\000p\000l\000o\000t}{subsection.2.3}% 22
\BOOKMARK [3][-]{subsubsection.2.3.3}{\376\377\0002\000.\0003\000.\0003\000\040\000u\000s\000e\000\040\000n\000u\000m\000p\000y\000\040\000a\000r\000r\000a\000y\000s}{subsection.2.3}% 23
\BOOKMARK [3][-]{subsubsection.2.3.4}{\376\377\0002\000.\0003\000.\0004\000\040\000P\000l\000o\000t\000t\000i\000n\000g\000\040\000w\000i\000t\000h\000\040\000k\000e\000y\000w\000o\000r\000d\000\040\000s\000t\000r\000i\000n\000g\000s}{subsection.2.3}% 24
\BOOKMARK [3][-]{subsubsection.2.3.5}{\376\377\0002\000.\0003\000.\0005\000\040\000P\000l\000o\000t\000t\000i\000n\000g\000\040\000w\000i\000t\000h\000\040\000c\000a\000t\000e\000g\000o\000r\000i\000c\000a\000l\000\040\000v\000a\000r\000i\000a\000b\000l\000e\000s}{subsection.2.3}% 25
\BOOKMARK [2][-]{subsection.2.4}{\376\377\0002\000.\0004\000\040\176\277\147\141\134\136\140\047}{section.2}% 26
\BOOKMARK [3][-]{subsubsection.2.4.1}{\376\377\0002\000.\0004\000.\0001\000\040\000C\000o\000n\000t\000r\000o\000l\000l\000i\000n\000g\000\040\000l\000i\000n\000e\000\040\000p\000r\000o\000p\000e\000r\000t\000i\000e\000s}{subsection.2.4}% 27
\BOOKMARK [3][-]{subsubsection.2.4.2}{\376\377\0002\000.\0004\000.\0002\000\040\000C\000o\000n\000t\000r\000o\000l\000l\000i\000n\000g\000\040\000l\000i\000n\000e\000\040\000p\000r\000o\000p\000e\000r\000t\000i\000e\000s}{subsection.2.4}% 28
\BOOKMARK [2][-]{subsection.2.5}{\376\377\0002\000.\0005\000\040\131\032\116\052\126\376\137\142\124\214\127\120\150\007\174\373}{section.2}% 29
\BOOKMARK [3][-]{subsubsection.2.5.1}{\376\377\0002\000.\0005\000.\0001\000\040\000W\000o\000r\000k\000i\000n\000g\000\040\000w\000i\000t\000h\000\040\000m\000u\000l\000t\000i\000p\000l\000e\000\040\000f\000i\000g\000u\000r\000e\000s\000\040\000a\000n\000d\000\040\000a\000x\000e\000s}{subsection.2.5}% 30
\BOOKMARK [3][-]{subsubsection.2.5.2}{\376\377\0002\000.\0005\000.\0002\000\040\000W\000o\000r\000k\000i\000n\000g\000\040\000w\000i\000t\000h\000\040\000m\000u\000l\000t\000i\000p\000l\000e\000\040\000f\000i\000g\000u\000r\000e\000s\000\040\000a\000n\000d\000\040\000a\000x\000e\000s}{subsection.2.5}% 31
\BOOKMARK [3][-]{subsubsection.2.5.3}{\376\377\0002\000.\0005\000.\0003\000\040\117\213\133\120}{subsection.2.5}% 32
\BOOKMARK [2][-]{subsection.2.6}{\376\377\0002\000.\0006\000\040\000W\000o\000r\000k\000i\000n\000g\000\040\000w\000i\000t\000h\000\040\000t\000e\000x\000t}{section.2}% 33
\BOOKMARK [3][-]{subsubsection.2.6.1}{\376\377\0002\000.\0006\000.\0001\000\040\000W\000o\000r\000k\000i\000n\000g\000\040\000w\000i\000t\000h\000\040\000t\000e\000x\000t}{subsection.2.6}% 34
\BOOKMARK [3][-]{subsubsection.2.6.2}{\376\377\0002\000.\0006\000.\0002\000\040\117\213\133\120}{subsection.2.6}% 35
\BOOKMARK [3][-]{subsubsection.2.6.3}{\376\377\0002\000.\0006\000.\0003\000\040\000U\000s\000i\000n\000g\000\040\000m\000a\000t\000h\000e\000m\000a\000t\000i\000c\000a\000l\000\040\000e\000x\000p\000r\000e\000s\000s\000i\000o\000n\000s\000\040\000i\000n\000\040\000t\000e\000x\000t}{subsection.2.6}% 36
\BOOKMARK [3][-]{subsubsection.2.6.4}{\376\377\0002\000.\0006\000.\0004\000\040\000A\000n\000n\000o\000t\000a\000t\000i\000n\000g\000\040\000t\000e\000x\000t}{subsection.2.6}% 37
\BOOKMARK [3][-]{subsubsection.2.6.5}{\376\377\0002\000.\0006\000.\0005\000\040\117\213\133\120}{subsection.2.6}% 38
\BOOKMARK [1][]{section.3}{\376\377\0003\000\040\227\142\124\021\133\371\214\141\000A\000P\000I}{}% 39
\BOOKMARK [2][-]{subsubsection.3.0.1}{\376\377\0003\000.\0000\000.\0001\000\040\000t\000h\000e\000\040\000O\000b\000j\000e\000c\000t\000-\000O\000r\000i\000e\000n\000t\000e\000d\000\040\000A\000P\000I\000\040\000v\000s\000\040\000P\000y\000p\000l\000o\000t}{section.3}% 40
\BOOKMARK [3][-]{subsubsection.3.0.2}{\376\377\0003\000.\0000\000.\0002\000\040\000d\000a\000t\000a}{subsubsection.3.0.1}% 41
\BOOKMARK [3][-]{subsubsection.3.0.3}{\376\377\0003\000.\0000\000.\0003\000\040\000F\000i\000g\000u\000r\000e\000\040\000a\000n\000d\000\040\000a\000x\000e\000s}{subsubsection.3.0.1}% 42
\BOOKMARK [3][-]{subsubsection.3.0.4}{\376\377\0003\000.\0000\000.\0004\000\040\000C\000o\000n\000t\000r\000o\000l\000l\000i\000n\000g\000\040\000t\000h\000e\000\040\000s\000t\000y\000l\000e}{subsubsection.3.0.1}% 43
\BOOKMARK [3][-]{subsubsection.3.0.5}{\376\377\0003\000.\0000\000.\0005\000\040\000C\000u\000s\000t\000o\000m\000i\000z\000i\000n\000g\000\040\000t\000h\000e\000\040\000p\000l\000o\000t}{subsubsection.3.0.1}% 44
\BOOKMARK [3][-]{subsubsection.3.0.6}{\376\377\0003\000.\0000\000.\0006\000\040\000C\000u\000s\000t\000o\000m\000i\000z\000i\000n\000g\000\040\000t\000h\000e\000\040\000p\000l\000o\000t}{subsubsection.3.0.1}% 45
\BOOKMARK [3][-]{subsubsection.3.0.7}{\376\377\0003\000.\0000\000.\0007\000\040\000C\000u\000s\000t\000o\000m\000i\000z\000i\000n\000g\000\040\000t\000h\000e\000\040\000p\000l\000o\000t}{subsubsection.3.0.1}% 46
\BOOKMARK [3][-]{subsubsection.3.0.8}{\376\377\0003\000.\0000\000.\0008\000\040\000C\000o\000m\000b\000i\000n\000i\000n\000g\000\040\000m\000u\000l\000t\000i\000p\000l\000e\000\040\000v\000i\000s\000u\000a\000l\000i\000z\000a\000t\000i\000o\000n\000s}{subsubsection.3.0.1}% 47
\BOOKMARK [3][-]{subsubsection.3.0.9}{\376\377\0003\000.\0000\000.\0009\000\040\000C\000o\000m\000b\000i\000n\000i\000n\000g\000\040\000m\000u\000l\000t\000i\000p\000l\000e\000\040\000v\000i\000s\000u\000a\000l\000i\000z\000a\000t\000i\000o\000n\000s}{subsubsection.3.0.1}% 48
\BOOKMARK [3][-]{subsubsection.3.0.10}{\376\377\0003\000.\0000\000.\0001\0000\000\040\000S\000a\000v\000i\000n\000g\000\040\000p\000l\000o\000t\000s}{subsubsection.3.0.1}% 49
\BOOKMARK [1][]{section.4}{\376\377\0004\000\040\220\032\217\307\150\067\137\017\210\150\123\125\124\214\000\040\000r\000c\000P\000a\000r\000a\000m\000s\000\040\123\302\145\160\143\247\122\066\126\376\137\142}{}% 50
\BOOKMARK [2][-]{subsection.4.1}{\376\377\0004\000.\0001\000\040\150\067\137\017\210\150\123\125}{section.4}% 51
\BOOKMARK [3][-]{subsubsection.4.1.1}{\376\377\0004\000.\0001\000.\0001\000\040\000U\000s\000i\000n\000g\000\040\000s\000t\000y\000l\000e\000\040\000s\000h\000e\000e\000t\000s}{subsection.4.1}% 52
\BOOKMARK [3][-]{subsubsection.4.1.2}{\376\377\0004\000.\0001\000.\0002\000\040\000D\000e\000f\000i\000n\000i\000n\000g\000\040\000y\000o\000u\000r\000\040\000o\000w\000n\000\040\000s\000t\000y\000l\000e}{subsection.4.1}% 53
\BOOKMARK [3][-]{subsubsection.4.1.3}{\376\377\0004\000.\0001\000.\0003\000\040\000C\000o\000m\000p\000o\000s\000i\000n\000g\000\040\000s\000t\000y\000l\000e\000s}{subsection.4.1}% 54
\BOOKMARK [3][-]{subsubsection.4.1.4}{\376\377\0004\000.\0001\000.\0004\000\040\000T\000e\000m\000p\000o\000r\000a\000r\000y\000\040\000s\000t\000y\000l\000i\000n\000g}{subsection.4.1}% 55
\BOOKMARK [2][-]{subsection.4.2}{\376\377\0004\000.\0002\000\040\000r\000c\000P\000a\000r\000a\000m\000s\000\040\123\302\145\160}{section.4}% 56
\BOOKMARK [3][-]{subsubsection.4.2.1}{\376\377\0004\000.\0002\000.\0001\000\040\000D\000y\000n\000a\000m\000i\000c\000\040\000r\000c\000\040\000s\000e\000t\000t\000i\000n\000g\000s}{subsection.4.2}% 57
\BOOKMARK [3][-]{subsubsection.4.2.2}{\376\377\0004\000.\0002\000.\0002\000\040\000D\000y\000n\000a\000m\000i\000c\000\040\000r\000c\000\040\000s\000e\000t\000t\000i\000n\000g\000s}{subsection.4.2}% 58
\BOOKMARK [3][-]{subsubsection.4.2.3}{\376\377\0004\000.\0002\000.\0003\000\040\000T\000h\000e\000\040\000m\000a\000t\000p\000l\000o\000t\000l\000i\000b\000r\000c\000\040\000f\000i\000l\000e}{subsection.4.2}% 59
\BOOKMARK [1][]{section.5}{\376\377\0005\000\040\000A\000r\000t\000i\000s\000t\000\040\173\200\116\313}{}% 60
\BOOKMARK [2][-]{subsection.5.1}{\376\377\0005\000.\0001\000\040\127\372\147\054\151\202\137\365}{section.5}% 61
\BOOKMARK [3][-]{subsubsection.5.1.1}{\376\377\0005\000.\0001\000.\0001\000\040\000t\000h\000r\000e\000e\000\040\000l\000a\000y\000e\000r\000s\000\040\000t\000o\000\040\000t\000h\000e\000\040\000m\000a\000t\000p\000l\000o\000t\000l\000i\000b\000\040\000A\000P\000I}{subsection.5.1}% 62
\BOOKMARK [3][-]{subsubsection.5.1.2}{\376\377\0005\000.\0001\000.\0002\000\040\000t\000h\000r\000e\000e\000\040\000l\000a\000y\000e\000r\000s\000\040\000t\000o\000\040\000t\000h\000e\000\040\000m\000a\000t\000p\000l\000o\000t\000l\000i\000b\000\040\000A\000P\000I}{subsection.5.1}% 63
\BOOKMARK [3][-]{subsubsection.5.1.3}{\376\377\0005\000.\0001\000.\0003\000\040\000t\000w\000o\000\040\000t\000y\000p\000e\000s\000\040\000o\000f\000\040\000A\000r\000t\000i\000s\000t\000s\000:\000\040\000p\000r\000i\000m\000i\000t\000i\000v\000e\000s\000\040\000a\000n\000d\000\040\000c\000o\000n\000t\000a\000i\000n\000e\000r\000s}{subsection.5.1}% 64
\BOOKMARK [3][-]{subsubsection.5.1.4}{\376\377\0005\000.\0001\000.\0004\000\040\000h\000o\000w\000\040\000t\000o\000\040\000c\000r\000e\000a\000t\000e\000\040\000F\000i\000g\000u\000r\000e\000\040\000i\000n\000s\000t\000a\000n\000c\000e}{subsection.5.1}% 65
\BOOKMARK [3][-]{subsubsection.5.1.5}{\376\377\0005\000.\0001\000.\0005\000\040\000A\000x\000e\000s}{subsection.5.1}% 66
\BOOKMARK [3][-]{subsubsection.5.1.6}{\376\377\0005\000.\0001\000.\0006\000\040\117\213\133\120}{subsection.5.1}% 67
\BOOKMARK [2][-]{subsection.5.2}{\376\377\0005\000.\0002\000\040\143\247\122\066\133\371\214\141}{section.5}% 68
\BOOKMARK [3][-]{subsubsection.5.2.1}{\376\377\0005\000.\0002\000.\0001\000\040\173\200\116\313}{subsection.5.2}% 69
\BOOKMARK [3][-]{subsubsection.5.2.2}{\376\377\0005\000.\0002\000.\0002\000\040\000g\000e\000t\000\040\000P\000r\000o\000p\000e\000r\000t\000i\000e\000s\000\040\000l\000i\000s\000t}{subsection.5.2}% 70
\BOOKMARK [3][-]{subsubsection.5.2.3}{\376\377\0005\000.\0002\000.\0003\000\040\000g\000e\000t\000\040\000a\000n\000d\000\040\000s\000e\000t\000\040\000p\000r\000o\000p\000e\000r\000t\000i\000e\000s}{subsection.5.2}% 71
\BOOKMARK [2][-]{subsection.5.3}{\376\377\0005\000.\0003\000\040\133\371\214\141\133\271\126\150}{section.5}% 72
\BOOKMARK [3][-]{subsubsection.5.3.1}{\376\377\0005\000.\0003\000.\0001\000\040\000F\000i\000g\000u\000r\000e\000\040\000c\000o\000n\000t\000a\000i\000n\000e\000r}{subsection.5.3}% 73
\BOOKMARK [3][-]{subsubsection.5.3.2}{\376\377\0005\000.\0003\000.\0002\000\040\117\213\133\120}{subsection.5.3}% 74
\BOOKMARK [3][-]{subsubsection.5.3.3}{\376\377\0005\000.\0003\000.\0003\000\040\000A\000x\000e\000s\000\040\000c\000o\000n\000t\000a\000i\000n\000e\000r}{subsection.5.3}% 75
\BOOKMARK [3][-]{subsubsection.5.3.4}{\376\377\0005\000.\0003\000.\0004\000\040\000A\000x\000i\000s\000\040\000c\000o\000n\000t\000a\000i\000n\000e\000r\000s}{subsection.5.3}% 76
\BOOKMARK [3][-]{subsubsection.5.3.5}{\376\377\0005\000.\0003\000.\0005\000\040\117\213\133\120}{subsection.5.3}% 77
\BOOKMARK [3][-]{subsubsection.5.3.6}{\376\377\0005\000.\0003\000.\0006\000\040\000T\000i\000c\000k\000\040\000c\000o\000n\000t\000a\000i\000n\000e\000r\000s}{subsection.5.3}% 78
\BOOKMARK [3][-]{subsubsection.5.3.7}{\376\377\0005\000.\0003\000.\0007\000\040\117\213\133\120}{subsection.5.3}% 79
\BOOKMARK [1][]{section.6}{\376\377\0006\000\040\126\376\117\213}{}% 80
\BOOKMARK [2][-]{subsubsection.6.0.1}{\376\377\0006\000.\0000\000.\0001\000\040\116\011\171\315\165\050\154\325}{section.6}% 81
\BOOKMARK [3][-]{subsubsection.6.0.2}{\376\377\0006\000.\0000\000.\0002\000\040\000A\000u\000t\000o\000m\000a\000t\000i\000c\000\040\000d\000e\000t\000e\000c\000t\000i\000o\000n\000\040\000o\000f\000\040\000e\000l\000e\000m\000e\000n\000t\000s\000\040\000t\000o\000\040\000b\000e\000\040\000s\000h\000o\000w\000n\000\040\000i\000n\000\040\000t\000h\000e\000\040\000l\000e\000g\000e\000n\000d}{subsubsection.6.0.1}% 82
\BOOKMARK [3][-]{subsubsection.6.0.3}{\376\377\0006\000.\0000\000.\0003\000\040\117\213\133\120}{subsubsection.6.0.1}% 83
\BOOKMARK [3][-]{subsubsection.6.0.4}{\376\377\0006\000.\0000\000.\0004\000\040\000L\000a\000b\000e\000l\000i\000n\000g\000\040\000e\000x\000i\000s\000t\000i\000n\000g\000\040\000p\000l\000o\000t\000\040\000e\000l\000e\000m\000e\000n\000t\000s}{subsubsection.6.0.1}% 84
\BOOKMARK [3][-]{subsubsection.6.0.5}{\376\377\0006\000.\0000\000.\0005\000\040\000E\000x\000p\000l\000i\000c\000i\000t\000l\000y\000\040\000d\000e\000f\000i\000n\000i\000n\000g\000\040\000t\000h\000e\000\040\000e\000l\000e\000m\000e\000n\000t\000s\000\040\000i\000n\000\040\000t\000h\000e\000\040\000l\000e\000g\000e\000n\000d}{subsubsection.6.0.1}% 85
\BOOKMARK [3][-]{subsubsection.6.0.6}{\376\377\0006\000.\0000\000.\0006\000\040\117\213\133\120}{subsubsection.6.0.1}% 86
\BOOKMARK [1][]{section.7}{\376\377\0007\000\040\175\047\177\051\217\223\121\372\124\214\226\120\133\232\217\223\121\372}{}% 87
\BOOKMARK [2][-]{subsubsection.7.0.1}{\376\377\0007\000.\0000\000.\0001\000\040\000T\000i\000g\000h\000t\000\040\000L\000a\000y\000o\000u\000t}{section.7}% 88
\BOOKMARK [3][-]{subsubsection.7.0.2}{\376\377\0007\000.\0000\000.\0002\000\040\117\213\133\120}{subsubsection.7.0.1}% 89
\BOOKMARK [3][-]{subsubsection.7.0.3}{\376\377\0007\000.\0000\000.\0003\000\040\000m\000u\000l\000t\000i\000p\000l\000e\000\040\000s\000u\000b\000p\000l\000o\000t\000s}{subsubsection.7.0.1}% 90
\BOOKMARK [3][-]{subsubsection.7.0.4}{\376\377\0007\000.\0000\000.\0004\000\040\117\213\133\120}{subsubsection.7.0.1}% 91
\BOOKMARK [3][-]{subsubsection.7.0.5}{\376\377\0007\000.\0000\000.\0005\000\040\000C\000o\000n\000s\000t\000r\000a\000i\000n\000e\000d\000\040\000L\000a\000y\000o\000u\000t}{subsubsection.7.0.1}% 92
\BOOKMARK [3][-]{subsubsection.7.0.6}{\376\377\0007\000.\0000\000.\0006\000\040\117\213\133\120}{subsubsection.7.0.1}% 93
\BOOKMARK [1][]{section.8}{\376\377\0008\000\040\126\376\137\142\116\055\166\204\145\207\147\054}{}% 94
\BOOKMARK [2][-]{subsubsection.8.0.1}{\376\377\0008\000.\0000\000.\0001\000\040\173\200\116\313}{section.8}% 95
\BOOKMARK [3][-]{subsubsection.8.0.2}{\376\377\0008\000.\0000\000.\0002\000\040\000B\000a\000s\000i\000c\000\040\000t\000e\000x\000t\000\040\000c\000o\000m\000m\000a\000n\000d\000s}{subsubsection.8.0.1}% 96
\BOOKMARK [3][-]{subsubsection.8.0.3}{\376\377\0008\000.\0000\000.\0003\000\040\117\213\133\120}{subsubsection.8.0.1}% 97
\BOOKMARK [3][-]{subsubsection.8.0.4}{\376\377\0008\000.\0000\000.\0004\000\040\000T\000e\000x\000t\000\040\000p\000r\000o\000p\000e\000r\000t\000i\000e\000s\000\040\000a\000n\000d\000\040\000l\000a\000y\000o\000u\000t}{subsubsection.8.0.1}% 98
\BOOKMARK [3][-]{subsubsection.8.0.5}{\376\377\0008\000.\0000\000.\0005\000\040\000D\000e\000f\000a\000u\000l\000t\000\040\000F\000o\000n\000t}{subsubsection.8.0.1}% 99
\BOOKMARK [3][-]{subsubsection.8.0.6}{\376\377\0008\000.\0000\000.\0006\000\040\000T\000e\000x\000t\000\040\000w\000i\000t\000h\000\040\000n\000o\000n\000-\000l\000a\000t\000i\000n\000\040\000g\000l\000y\000p\000h\000s}{subsubsection.8.0.1}% 100
\BOOKMARK [1][]{section.9}{\376\377\0009\000\040\150\007\154\350}{}% 101
\BOOKMARK [2][-]{subsection.9.1}{\376\377\0009\000.\0001\000\040\127\372\147\054\150\007\154\350}{section.9}% 102
\BOOKMARK [3][-]{subsubsection.9.1.1}{\376\377\0009\000.\0001\000.\0001\000\040\000B\000a\000s\000i\000c\000\040\000a\000n\000n\000o\000t\000a\000t\000i\000o\000n}{subsection.9.1}% 103
\BOOKMARK [3][-]{subsubsection.9.1.2}{\376\377\0009\000.\0001\000.\0002\000\040\000B\000a\000s\000i\000c\000\040\000a\000n\000n\000o\000t\000a\000t\000i\000o\000n}{subsection.9.1}% 104
\BOOKMARK [3][-]{subsubsection.9.1.3}{\376\377\0009\000.\0001\000.\0003\000\040\000c\000o\000o\000r\000d\000i\000n\000a\000t\000e\000\040\000s\000y\000s\000t\000e\000m\000s}{subsection.9.1}% 105
\BOOKMARK [3][-]{subsubsection.9.1.4}{\376\377\0009\000.\0001\000.\0004\000\040\117\213\133\120}{subsection.9.1}% 106
\BOOKMARK [3][-]{subsubsection.9.1.5}{\376\377\0009\000.\0001\000.\0005\000\040\000a\000r\000g\000u\000m\000e\000n\000t\000\040\000a\000r\000r\000o\000w\000p\000r\000o\000p\000s}{subsection.9.1}% 107
\BOOKMARK [2][-]{subsection.9.2}{\376\377\0009\000.\0002\000\040\232\330\176\247\150\007\154\350}{section.9}% 108
\BOOKMARK [3][-]{subsubsection.9.2.1}{\376\377\0009\000.\0002\000.\0001\000\040\000A\000n\000n\000o\000t\000a\000t\000i\000n\000g\000\040\000w\000i\000t\000h\000\040\000T\000e\000x\000t\000\040\000w\000i\000t\000h\000\040\000B\000o\000x}{subsection.9.2}% 109
\BOOKMARK [3][-]{subsubsection.9.2.2}{\376\377\0009\000.\0002\000.\0002\000\040\000b\000o\000x\000\040\000s\000t\000y\000l\000e\000s}{subsection.9.2}% 110
\BOOKMARK [3][-]{subsubsection.9.2.3}{\376\377\0009\000.\0002\000.\0003\000\040\000F\000a\000n\000c\000y\000b\000o\000x\000\040\000l\000i\000s\000t}{subsection.9.2}% 111
\BOOKMARK [3][-]{subsubsection.9.2.4}{\376\377\0009\000.\0002\000.\0004\000\040\000A\000n\000n\000o\000t\000a\000t\000i\000n\000g\000\040\000w\000i\000t\000h\000\040\000A\000r\000r\000o\000w}{subsection.9.2}% 112
\BOOKMARK [3][-]{subsubsection.9.2.5}{\376\377\0009\000.\0002\000.\0005\000\040\171\072\141\017\126\376}{subsection.9.2}% 113
\BOOKMARK [3][-]{subsubsection.9.2.6}{\376\377\0009\000.\0002\000.\0006\000\040\000c\000o\000n\000n\000e\000c\000t\000i\000o\000n\000s\000t\000y\000l\000e\000\040\000k\000e\000y}{subsection.9.2}% 114
\BOOKMARK [3][-]{subsubsection.9.2.7}{\376\377\0009\000.\0002\000.\0007\000\040\000a\000r\000r\000o\000w\000s\000t\000y\000l\000e}{subsection.9.2}% 115
\BOOKMARK [3][-]{subsubsection.9.2.8}{\376\377\0009\000.\0002\000.\0008\000\040\000U\000s\000i\000n\000g\000\040\000C\000o\000n\000n\000e\000c\000t\000i\000o\000n\000P\000a\000t\000c\000h}{subsection.9.2}% 116
\BOOKMARK [3][-]{subsubsection.9.2.9}{\376\377\0009\000.\0002\000.\0009\000\040\000Z\000o\000o\000m\000\040\000e\000f\000f\000e\000c\000t\000\040\000b\000e\000t\000w\000e\000e\000n\000\040\000A\000x\000e\000s}{subsection.9.2}% 117
\BOOKMARK [1][]{section.10}{\376\377\0001\0000\000\040\000m\000p\000l\000o\000t\0003\000d\135\345\121\167\173\261}{}% 118
\BOOKMARK [2][-]{subsubsection.10.0.1}{\376\377\0001\0000\000.\0000\000.\0001\000\040\000H\000o\000w\000\040\000i\000s\000\040\000m\000p\000l\000o\000t\0003\000d\000\040\000d\000i\000f\000f\000e\000r\000e\000n\000t\000\040\000f\000r\000o\000m\000\040\000M\000a\000y\000a\000V\000i\000?}{section.10}% 119
\BOOKMARK [3][-]{subsubsection.10.0.2}{\376\377\0001\0000\000.\0000\000.\0002\000\040\000A\000x\000e\000s\0003\000D\000\040\000o\000b\000j\000e\000c\000t}{subsubsection.10.0.1}% 120
\BOOKMARK [3][-]{subsubsection.10.0.3}{\376\377\0001\0000\000.\0000\000.\0003\000\040\116\000\116\052\117\213\133\120}{subsubsection.10.0.1}% 121
\BOOKMARK [3][-]{subsubsection.10.0.4}{\376\377\0001\0000\000.\0000\000.\0004\000\040\145\057\143\001\166\204\000\040\0003\000D\000\040\126\376\137\142\174\173\127\213}{subsubsection.10.0.1}% 122
\BOOKMARK [3][-]{subsubsection.10.0.5}{\376\377\0001\0000\000.\0000\000.\0005\000\040\145\057\143\001\166\204\000\040\0003\000D\000\040\126\376\137\142\174\173\127\213}{subsubsection.10.0.1}% 123
\BOOKMARK [3][-]{subsubsection.10.0.6}{\376\377\0001\0000\000.\0000\000.\0006\000\040\121\166\116\326\136\070\211\301\117\134\126\376\123\005}{subsubsection.10.0.1}% 124
\BOOKMARK [0][]{reference.0}{\376\377\123\302\200\003\145\207\163\056}{}% 125
